{"level":"INFO","time":"2025-01-08T19:32:41.868Z","msg":"Request received: GET /api/v1/users"}
{"level":"INFO","time":"2025-01-08T20:00:00.295Z","msg":"Request received: GET /api/v1/users"}
{"level":"INFO","time":"2025-01-08T20:06:59.407Z","msg":"Request received: GET /api/v1/users"}
{"level":"INFO","time":"2025-01-08T20:07:02.202Z","msg":"Request received: GET /api/v1/users"}
{"level":"INFO","time":"2025-01-08T20:07:03.043Z","msg":"Request received: GET /api/v1/users"}
{"level":"INFO","time":"2025-01-08T20:07:04.601Z","msg":"Request received: GET /api/v1/users"}
{"level":"INFO","time":"2025-01-09T07:49:19.634Z","msg":"Request received: GET /api/v1/users"}
{"level":"INFO","time":"2025-01-09T08:00:22.891Z","msg":"Request received: POST /api/v1/users"}
{"level":"INFO","time":"2025-01-09T08:01:54.661Z","msg":"Request received: POST /api/v1/users"}
{"level":"INFO","time":"2025-01-09T08:54:33.657Z","msg":"Request received: POST /api/v1/users"}
{"level":"INFO","time":"2025-01-09T08:57:56.468Z","msg":"Request received: POST /api/v1/users"}
{"level":"INFO","time":"2025-01-09T09:11:09.733Z","msg":"Request received: POST /api/v1/users"}
{"level":"INFO","time":"2025-01-09T09:11:11.490Z","msg":"Request received: POST /api/v1/users"}
{"level":"INFO","time":"2025-01-09T09:12:18.165Z","msg":"Request received: POST /api/v1/users"}
{"level":"INFO","time":"2025-01-09T09:13:16.660Z","msg":"Request received: POST /api/v1/users"}
{"level":"INFO","time":"2025-01-09T09:14:34.253Z","msg":"Request received: POST /api/v1/users"}
{"level":"INFO","time":"2025-01-09T09:14:45.178Z","msg":"Request received: POST /api/v1/users"}
{"level":"INFO","time":"2025-01-09T09:14:52.741Z","msg":"Request received: POST /api/v1/users"}
{"level":"INFO","time":"2025-01-09T09:22:41.258Z","msg":"Request received: POST /api/v1/users"}
{"level":"INFO","time":"2025-01-09T09:22:42.461Z","msg":"Request received: POST /api/v1/users"}
{"level":"INFO","time":"2025-01-09T09:23:05.278Z","msg":"Request received: POST /api/v1/users"}
{"level":"INFO","time":"2025-01-09T09:23:20.088Z","msg":"Request received: POST /api/v1/users"}
{"level":"INFO","time":"2025-01-09T09:24:20.364Z","msg":"Request received: POST /api/v1/users"}
{"level":"INFO","time":"2025-01-09T09:24:21.106Z","msg":"Request received: POST /api/v1/users"}
{"level":"INFO","time":"2025-01-09T09:24:43.987Z","msg":"Request received: POST /api/v1/users"}
{"level":"INFO","time":"2025-01-09T09:24:59.916Z","msg":"Request received: POST /api/v1/users"}
{"level":"INFO","time":"2025-01-09T09:25:38.733Z","msg":"Request received: POST /api/v1/users"}
{"level":"INFO","time":"2025-01-09T09:26:28.896Z","msg":"Request received: POST /api/v1/users"}
{"level":"INFO","time":"2025-01-09T09:26:29.668Z","msg":"Request received: POST /api/v1/users"}
{"level":"INFO","time":"2025-01-09T09:26:30.316Z","msg":"Request received: POST /api/v1/users"}
{"level":"INFO","time":"2025-01-09T09:27:39.186Z","msg":"Request received: POST /api/v1/users"}
{"level":"INFO","time":"2025-01-09T09:28:14.362Z","msg":"Request received: POST /api/v1/users"}
{"level":"INFO","time":"2025-01-09T10:21:00.444Z","msg":"Request received: POST /api/v1/users"}
{"level":"INFO","time":"2025-01-09T10:21:34.083Z","msg":"Request received: POST /api/v1/users"}
{"level":"INFO","time":"2025-01-09T10:22:00.022Z","msg":"Request received: POST /api/v1/users"}
{"level":"INFO","time":"2025-01-09T10:22:01.856Z","msg":"Request received: POST /api/v1/users"}
{"level":"INFO","time":"2025-01-09T10:22:07.577Z","msg":"Request received: POST /api/v1/users"}
{"level":"INFO","time":"2025-01-09T10:22:08.755Z","msg":"Request received: POST /api/v1/users"}
{"level":"INFO","time":"2025-01-09T10:22:09.576Z","msg":"Request received: POST /api/v1/users"}
{"level":"INFO","time":"2025-01-09T10:23:15.850Z","msg":"Request received: POST /api/v1/users"}
{"level":"INFO","time":"2025-01-09T10:24:26.996Z","msg":"Request received: POST /api/v1/users"}
{"level":"INFO","time":"2025-01-09T10:25:23.165Z","msg":"Request received: POST /api/v1/users"}
{"level":"INFO","time":"2025-01-09T10:29:57.359Z","msg":"Request received: POST /api/v1/users"}
{"level":"INFO","time":"2025-01-09T10:30:33.749Z","msg":"Request received: POST /api/v1/users"}
{"level":"INFO","time":"2025-01-09T10:30:47.108Z","msg":"Request received: POST /api/v1/users"}
{"level":"INFO","time":"2025-01-09T10:30:58.052Z","msg":"Request received: POST /api/v1/users"}
{"level":"INFO","time":"2025-01-09T10:31:18.856Z","msg":"Request received: POST /api/v1/users"}
{"level":"INFO","time":"2025-01-09T10:35:15.750Z","msg":"Request received: POST /api/v1/users"}
{"level":"INFO","time":"2025-01-09T10:36:37.912Z","msg":"Request received: POST /api/v1/users1"}
{"level":"ERROR","time":"2025-01-09T10:36:37.912Z","msg":"Internal Server Error"}
{"level":"INFO","time":"2025-01-09T10:36:38.865Z","msg":"Request received: POST /api/v1/users1"}
{"level":"ERROR","time":"2025-01-09T10:36:38.865Z","msg":"Internal Server Error"}
{"level":"INFO","time":"2025-01-09T10:37:20.436Z","msg":"Request received: POST /api/v1/users1"}
{"level":"ERROR","time":"2025-01-09T10:37:20.436Z","msg":"Internal Server Error"}
{"level":"INFO","time":"2025-01-09T10:37:40.167Z","msg":"Request received: POST /api/v1/users1"}
{"level":"ERROR","time":"2025-01-09T10:37:40.168Z","msg":"Internal Server Error"}
{"level":"INFO","time":"2025-01-09T10:38:05.260Z","msg":"Request received: POST /api/v1/users1"}
{"level":"INFO","time":"2025-01-09T10:38:06.974Z","msg":"Request received: POST /api/v1/users1"}
{"level":"INFO","time":"2025-01-09T10:38:51.427Z","msg":"Request received: POST /api/v1/users1"}
{"level":"INFO","time":"2025-01-09T10:40:30.084Z","msg":"Request received: POST /api/v1/users1"}
{"level":"INFO","time":"2025-01-09T10:40:46.653Z","msg":"Request received: POST /api/v1/users1"}
{"level":"ERROR","time":"2025-01-09T10:40:46.653Z","msg":"Not Found Route: POST /api/v1/users1"}
{"level":"INFO","time":"2025-01-09T10:41:21.654Z","msg":"Request received: POST /api/v1/users1"}
{"level":"INFO","time":"2025-01-09T10:41:41.260Z","msg":"Request received: POST /api/v1/users1"}
{"level":"INFO","time":"2025-01-09T10:41:51.569Z","msg":"Request received: POST /api/v1/users1"}
{"level":"INFO","time":"2025-01-09T10:42:02.530Z","msg":"Request received: POST /api/v1/users1"}
{"level":"INFO","time":"2025-01-09T10:43:11.068Z","msg":"Request received: POST /api/v1/users1"}
{"level":"INFO","time":"2025-01-09T10:43:19.868Z","msg":"Request received: POST /api/v1/users1"}
{"level":"INFO","time":"2025-01-09T10:45:25.293Z","msg":"Request received: POST /api/v1/users1"}
{"level":"INFO","time":"2025-01-09T10:45:26.201Z","msg":"Request received: POST /api/v1/users1"}
{"level":"INFO","time":"2025-01-09T10:46:26.483Z","msg":"Request received: POST /api/v1/users1"}
{"level":"ERROR","time":"2025-01-09T10:46:26.484Z","msg":"Not Found Route: POST /api/v1/users1"}
{"level":"INFO","time":"2025-01-09T10:47:51.956Z","msg":"Request received: POST /api/v1/users1"}
{"level":"ERROR","time":"2025-01-09T10:47:51.956Z","msg":"Internal Server Error"}
{"level":"INFO","time":"2025-01-09T10:51:31.341Z","msg":"Request received: POST /api/v1/users1"}
{"level":"INFO","time":"2025-01-09T10:52:14.134Z","msg":"Request received: POST /api/v1/users1"}
{"level":"INFO","time":"2025-01-09T10:52:16.718Z","msg":"Request received: POST /api/v1/users1"}
{"level":"INFO","time":"2025-01-09T10:53:08.180Z","msg":"Request received: POST /api/v1/users1"}
{"level":"ERROR","time":"2025-01-09T10:53:08.181Z","msg":"Internal Server Error"}
{"level":"INFO","time":"2025-01-09T10:53:24.967Z","msg":"Request received: POST /api/v1/users1"}
{"level":"INFO","time":"2025-01-09T11:06:24.761Z","msg":"Request received: POST /api/v1/users1"}
{"level":"INFO","time":"2025-01-09T11:09:27.241Z","msg":"Request received: POST /api/v1/users1"}
{"level":"ERROR","time":"2025-01-09T11:09:27.241Z","msg":"Not Found Route: POST /api/v1/users1"}
{"level":"INFO","time":"2025-01-09T11:09:30.337Z","msg":"Request received: POST /api/v1/users"}
{"level":"INFO","time":"2025-01-09T11:09:35.869Z","msg":"Request received: GET /api/v1/users"}
{"level":"INFO","time":"2025-01-09T11:09:48.597Z","msg":"Request received: GET /api/v1/users"}
{"level":"ERROR","time":"2025-01-09T11:09:48.598Z","msg":"z is not defined"}
{"level":"INFO","time":"2025-01-09T11:10:21.859Z","msg":"Request received: GET /api/v1/users"}
{"level":"INFO","time":"2025-01-09T11:10:27.205Z","msg":"Request received: POST /api/v1/users"}
{"level":"ERROR","time":"2025-01-09T11:10:27.207Z","msg":"Internal Server Error"}
{"level":"INFO","time":"2025-01-09T11:11:02.223Z","msg":"Request received: POST /api/v1/users"}
{"level":"ERROR","time":"2025-01-09T11:11:02.225Z","msg":"Validation error: Required at \"username\"; Required at \"age\"; Required at \"job\""}
{"level":"INFO","time":"2025-01-09T11:11:40.508Z","msg":"Request received: POST /api/v1/users"}
{"level":"ERROR","time":"2025-01-09T11:11:40.510Z","msg":"Validation error: Required at \"username\"; Required at \"age\"; Required at \"job\""}
{"level":"INFO","time":"2025-01-09T11:11:46.036Z","msg":"Request received: POST /api/v1/users"}
{"level":"ERROR","time":"2025-01-09T11:11:46.036Z","msg":"Validation error: Required at \"username\"; Required at \"age\"; Required at \"job\""}
{"level":"INFO","time":"2025-01-09T11:12:17.783Z","msg":"Request received: POST /api/v1/users"}
{"level":"ERROR","time":"2025-01-09T11:12:17.786Z","msg":"Validation error: Required at \"username\"; Required at \"age\"; Required at \"job\""}
{"level":"INFO","time":"2025-01-09T11:13:01.495Z","msg":"Request received: POST /api/v1/users"}
{"level":"ERROR","time":"2025-01-09T11:13:01.498Z","msg":"Validation error: Required at \"username\"; Required at \"age\"; Required at \"job\""}
{"level":"INFO","time":"2025-01-09T11:13:19.951Z","msg":"Request received: POST /api/v1/users"}
{"level":"ERROR","time":"2025-01-09T11:13:19.955Z","msg":"Validation error: Required at \"username\"; Required at \"age\"; Required at \"job\""}
